app/build/intermediates/manifest_merge_blame_file/debug/manifest-merger-blame-debug-report.txt
1<?xml version="1.0" encoding="utf-8"?>
2<manifest xmlns:android="http://schemas.android.com/apk/res/android"
3    package="com.netease.modular"
4    android:versionCode="1"
5    android:versionName="1.0" >
6
7    <uses-sdk
8        android:minSdkVersion="24"
8-->src\main\AndroidManifest.xml
9        android:targetSdkVersion="28" />
9-->src\main\AndroidManifest.xml
10
11    <!-- To store the heap dumps and leak analysis results. -->
12    <uses-permission android:name="android.permission.READ_EXTERNAL_STORAGE" />
12-->[com.squareup.leakcanary:leakcanary-android:1.6.3] AndroidManifest.xml:23:5-80
12-->[com.squareup.leakcanary:leakcanary-android:1.6.3] AndroidManifest.xml:23:22-77
13    <uses-permission android:name="android.permission.WRITE_EXTERNAL_STORAGE" /> <!-- To allow starting foreground services on Android P+ - https://developer.android.com/preview/behavior-changes#fg-svc -->
13-->[com.squareup.leakcanary:leakcanary-android:1.6.3] AndroidManifest.xml:24:5-81
13-->[com.squareup.leakcanary:leakcanary-android:1.6.3] AndroidManifest.xml:24:22-78
14    <uses-permission android:name="android.permission.FOREGROUND_SERVICE" /> <!-- android:name="com.netease.modular.MyApp" -->
14-->[com.squareup.leakcanary:leakcanary-android:1.6.3] AndroidManifest.xml:26:5-77
14-->[com.squareup.leakcanary:leakcanary-android:1.6.3] AndroidManifest.xml:26:22-74
15    <application
15-->src\main\AndroidManifest.xml:7:5-22:19
16        android:allowBackup="true"
16-->src\main\AndroidManifest.xml:8:9-35
17        android:appComponentFactory="androidx.core.app.CoreComponentFactory"
17-->[androidx.core:core:1.1.0] AndroidManifest.xml:24:18-86
18        android:debuggable="true"
19        android:icon="@mipmap/ic_launcher"
19-->src\main\AndroidManifest.xml:9:9-43
20        android:label="@string/app_name"
20-->src\main\AndroidManifest.xml:10:9-41
21        android:roundIcon="@mipmap/ic_launcher_round"
21-->src\main\AndroidManifest.xml:11:9-54
22        android:supportsRtl="true"
22-->src\main\AndroidManifest.xml:12:9-35
23        android:testOnly="true"
24        android:theme="@style/AppTheme" >
24-->src\main\AndroidManifest.xml:13:9-40
25
26        <!-- tools:replace="android:appComponentFactory" -->
27        <activity android:name="com.netease.modular.MainActivity" >
27-->src\main\AndroidManifest.xml:15:9-21:20
27-->src\main\AndroidManifest.xml:15:19-47
28            <intent-filter>
28-->src\main\AndroidManifest.xml:16:13-20:29
29                <action android:name="android.intent.action.MAIN" />
29-->src\main\AndroidManifest.xml:17:17-69
29-->src\main\AndroidManifest.xml:17:25-66
30
31                <category android:name="android.intent.category.LAUNCHER" />
31-->src\main\AndroidManifest.xml:19:17-77
31-->src\main\AndroidManifest.xml:19:27-74
32            </intent-filter>
33        </activity>
34
35        <service
35-->[com.squareup.leakcanary:leakcanary-android:1.6.3] AndroidManifest.xml:29:9-32:45
36            android:name="com.squareup.leakcanary.internal.HeapAnalyzerService"
36-->[com.squareup.leakcanary:leakcanary-android:1.6.3] AndroidManifest.xml:30:13-80
37            android:enabled="false"
37-->[com.squareup.leakcanary:leakcanary-android:1.6.3] AndroidManifest.xml:31:13-36
38            android:process=":leakcanary" />
38-->[com.squareup.leakcanary:leakcanary-android:1.6.3] AndroidManifest.xml:32:13-42
39        <service
39-->[com.squareup.leakcanary:leakcanary-android:1.6.3] AndroidManifest.xml:33:9-36:45
40            android:name="com.squareup.leakcanary.DisplayLeakService"
40-->[com.squareup.leakcanary:leakcanary-android:1.6.3] AndroidManifest.xml:34:13-70
41            android:enabled="false"
41-->[com.squareup.leakcanary:leakcanary-android:1.6.3] AndroidManifest.xml:35:13-36
42            android:process=":leakcanary" />
42-->[com.squareup.leakcanary:leakcanary-android:1.6.3] AndroidManifest.xml:36:13-42
43
44        <provider
44-->[com.squareup.leakcanary:leakcanary-android:1.6.3] AndroidManifest.xml:38:9-46:20
45            android:name="com.squareup.leakcanary.internal.LeakCanaryFileProvider"
45-->[com.squareup.leakcanary:leakcanary-android:1.6.3] AndroidManifest.xml:39:13-83
46            android:authorities="com.squareup.leakcanary.fileprovider.com.netease.modular"
46-->[com.squareup.leakcanary:leakcanary-android:1.6.3] AndroidManifest.xml:40:13-88
47            android:exported="false"
47-->[com.squareup.leakcanary:leakcanary-android:1.6.3] AndroidManifest.xml:41:13-37
48            android:grantUriPermissions="true" >
48-->[com.squareup.leakcanary:leakcanary-android:1.6.3] AndroidManifest.xml:42:13-47
49            <meta-data
49-->[com.squareup.leakcanary:leakcanary-android:1.6.3] AndroidManifest.xml:43:13-45:66
50                android:name="android.support.FILE_PROVIDER_PATHS"
50-->[com.squareup.leakcanary:leakcanary-android:1.6.3] AndroidManifest.xml:44:17-67
51                android:resource="@xml/leak_canary_file_paths" />
51-->[com.squareup.leakcanary:leakcanary-android:1.6.3] AndroidManifest.xml:45:17-63
52        </provider>
53
54        <activity
54-->[com.squareup.leakcanary:leakcanary-android:1.6.3] AndroidManifest.xml:48:9-61:20
55            android:name="com.squareup.leakcanary.internal.DisplayLeakActivity"
55-->[com.squareup.leakcanary:leakcanary-android:1.6.3] AndroidManifest.xml:49:13-80
56            android:enabled="false"
56-->[com.squareup.leakcanary:leakcanary-android:1.6.3] AndroidManifest.xml:50:13-36
57            android:icon="@mipmap/leak_canary_icon"
57-->[com.squareup.leakcanary:leakcanary-android:1.6.3] AndroidManifest.xml:51:13-52
58            android:label="@string/leak_canary_display_activity_label"
58-->[com.squareup.leakcanary:leakcanary-android:1.6.3] AndroidManifest.xml:52:13-71
59            android:process=":leakcanary"
59-->[com.squareup.leakcanary:leakcanary-android:1.6.3] AndroidManifest.xml:53:13-42
60            android:taskAffinity="com.squareup.leakcanary.com.netease.modular"
60-->[com.squareup.leakcanary:leakcanary-android:1.6.3] AndroidManifest.xml:54:13-76
61            android:theme="@style/leak_canary_LeakCanary.Base" >
61-->[com.squareup.leakcanary:leakcanary-android:1.6.3] AndroidManifest.xml:55:13-63
62            <intent-filter>
62-->src\main\AndroidManifest.xml:16:13-20:29
63                <action android:name="android.intent.action.MAIN" />
63-->src\main\AndroidManifest.xml:17:17-69
63-->src\main\AndroidManifest.xml:17:25-66
64
65                <category android:name="android.intent.category.LAUNCHER" />
65-->src\main\AndroidManifest.xml:19:17-77
65-->src\main\AndroidManifest.xml:19:27-74
66            </intent-filter>
67        </activity>
68        <activity
68-->[com.squareup.leakcanary:leakcanary-android:1.6.3] AndroidManifest.xml:62:9-71:68
69            android:name="com.squareup.leakcanary.internal.RequestStoragePermissionActivity"
69-->[com.squareup.leakcanary:leakcanary-android:1.6.3] AndroidManifest.xml:63:13-93
70            android:enabled="false"
70-->[com.squareup.leakcanary:leakcanary-android:1.6.3] AndroidManifest.xml:64:13-36
71            android:excludeFromRecents="true"
71-->[com.squareup.leakcanary:leakcanary-android:1.6.3] AndroidManifest.xml:65:13-46
72            android:icon="@mipmap/leak_canary_icon"
72-->[com.squareup.leakcanary:leakcanary-android:1.6.3] AndroidManifest.xml:66:13-52
73            android:label="@string/leak_canary_storage_permission_activity_label"
73-->[com.squareup.leakcanary:leakcanary-android:1.6.3] AndroidManifest.xml:67:13-82
74            android:process=":leakcanary"
74-->[com.squareup.leakcanary:leakcanary-android:1.6.3] AndroidManifest.xml:68:13-42
75            android:roundIcon="@mipmap/leak_canary_icon"
75-->[com.squareup.leakcanary:leakcanary-android:1.6.3] AndroidManifest.xml:69:13-57
76            android:taskAffinity="com.squareup.leakcanary.com.netease.modular"
76-->[com.squareup.leakcanary:leakcanary-android:1.6.3] AndroidManifest.xml:70:13-76
77            android:theme="@style/leak_canary_Theme.Transparent" />
77-->[com.squareup.leakcanary:leakcanary-android:1.6.3] AndroidManifest.xml:71:13-65
78    </application>
79
80</manifest>